<?xml version="1.0" encoding="UTF-8"?>
<testsuite name="sortingAndSearching.SearchAlgsTest" tests="1" skipped="0" failures="0" errors="0" timestamp="2022-05-22T20:10:46" hostname="LAPTOP-1U7U8C9H" time="0.017">
  <properties/>
  <testcase name="verify()" classname="sortingAndSearching.SearchAlgsTest" time="0.017"/>
  <system-out><![CDATA[]]></system-out>
  <system-err><![CDATA[]]></system-err>
</testsuite>
